\BOOKMARK [1][-]{section.1}{Introduction}{}% 1
\BOOKMARK [1][-]{section.2}{The Movitz run-time environment}{}% 2
\BOOKMARK [2][-]{subsection.2.1}{Run-time context}{section.2}% 3
\BOOKMARK [3][-]{subsubsection.2.1.1}{Primitive functions}{subsection.2.1}% 4
\BOOKMARK [3][-]{subsubsection.2.1.2}{Global constants}{subsection.2.1}% 5
\BOOKMARK [3][-]{subsubsection.2.1.3}{Dynamic environment}{subsection.2.1}% 6
\BOOKMARK [2][-]{subsection.2.2}{Multiple run-time contexts}{section.2}% 7
\BOOKMARK [2][-]{subsection.2.3}{Function objects}{section.2}% 8
\BOOKMARK [3][-]{subsubsection.2.3.1}{Local functions}{subsection.2.3}% 9
\BOOKMARK [2][-]{subsection.2.4}{Function-call protocol}{section.2}% 10
\BOOKMARK [3][-]{subsubsection.2.4.1}{Non-linear encoding of ecx}{subsection.2.4}% 11
\BOOKMARK [3][-]{subsubsection.2.4.2}{Optimized function-calls}{subsection.2.4}% 12
\BOOKMARK [2][-]{subsection.2.5}{Function result protocol}{section.2}% 13
\BOOKMARK [2][-]{subsection.2.6}{Dynamic typing}{section.2}% 14
\BOOKMARK [2][-]{subsection.2.7}{Memory management}{section.2}% 15
\BOOKMARK [3][-]{subsubsection.2.7.1}{Dynamic memory allocation}{subsection.2.7}% 16
\BOOKMARK [1][-]{section.3}{The compiler}{}% 17
\BOOKMARK [2][-]{subsection.3.1}{Movitz images}{section.3}% 18
\BOOKMARK [2][-]{subsection.3.2}{Compiler internals}{section.3}% 19
\BOOKMARK [3][-]{subsubsection.3.2.1}{The compiler protocol}{subsection.3.2}% 20
\BOOKMARK [3][-]{subsubsection.3.2.2}{The core compiler}{subsection.3.2}% 21
\BOOKMARK [3][-]{subsubsection.3.2.3}{The compiler's first pass}{subsection.3.2}% 22
\BOOKMARK [3][-]{subsubsection.3.2.4}{The compiler's second pass}{subsection.3.2}% 23
\BOOKMARK [3][-]{subsubsection.3.2.5}{Special forms}{subsection.3.2}% 24
\BOOKMARK [2][-]{subsection.3.3}{The file compiler and the boot process}{section.3}% 25
\BOOKMARK [1][-]{section.4}{Libraries}{}% 26
\BOOKMARK [2][-]{subsection.4.1}{The Common Lisp library}{section.4}% 27
\BOOKMARK [3][-]{subsubsection.4.1.1}{Numbers}{subsection.4.1}% 28
\BOOKMARK [3][-]{subsubsection.4.1.2}{Sequences}{subsection.4.1}% 29
\BOOKMARK [3][-]{subsubsection.4.1.3}{Eval}{subsection.4.1}% 30
\BOOKMARK [3][-]{subsubsection.4.1.4}{CLOS}{subsection.4.1}% 31
\BOOKMARK [3][-]{subsubsection.4.1.5}{File-system related functions}{subsection.4.1}% 32
\BOOKMARK [3][-]{subsubsection.4.1.6}{Conditions}{subsection.4.1}% 33
\BOOKMARK [3][-]{subsubsection.4.1.7}{Reader}{subsection.4.1}% 34
\BOOKMARK [2][-]{subsection.4.2}{CLOS details}{section.4}% 35
\BOOKMARK [3][-]{subsubsection.4.2.1}{Method dispatch}{subsection.4.2}% 36
\BOOKMARK [2][-]{subsection.4.3}{Miscellaneous libraries}{section.4}% 37
\BOOKMARK [3][-]{subsubsection.4.3.1}{Read-line}{subsection.4.3}% 38
\BOOKMARK [3][-]{subsubsection.4.3.2}{IPv6 networking}{subsection.4.3}% 39
\BOOKMARK [3][-]{subsubsection.4.3.3}{IPv4 networking}{subsection.4.3}% 40
\BOOKMARK [2][-]{subsection.4.4}{x86 CPU library}{section.4}% 41
\BOOKMARK [2][-]{subsection.4.5}{x86 PC drivers library}{section.4}% 42
\BOOKMARK [1][-]{section.5}{Debugging and monitoring tools}{}% 43
\BOOKMARK [2][-]{subsection.5.1}{Image browser}{section.5}% 44
\BOOKMARK [2][-]{subsection.5.2}{Bochs emulator interface}{section.5}% 45
\BOOKMARK [1][-]{section.6}{Summary}{}% 46
